<?xml version="1.0" encoding="UTF-8"?>
<!-- Generated by org.testng.reporters.JUnitReportReporter -->
<testsuite hostname="Abdullahs-MBP.lan1" failures="0" tests="2" name="com.crm.qa.pages.TaskPage" time="18.487" errors="0" timestamp="19 Feb 2019 20:06:58 GMT" skipped="0">
  <testcase classname="com.crm.qa.pages.TaskPage" name="verifyHomePageTitleTest" time="8.466"/>
  <testcase classname="com.crm.qa.pages.TaskPage" name="verifyUserNameTest" time="10.021"/>
</testsuite> <!-- com.crm.qa.pages.TaskPage -->
