<?xml version="1.0" encoding="UTF-8"?>
<!-- Generated by org.testng.reporters.JUnitReportReporter -->
<testsuite hostname="Abdullahs-MBP.lan1" failures="0" tests="3" name="com.crm.qa.testdata.HomePageTest" time="24.104" errors="0" timestamp="20 Feb 2019 22:38:32 GMT" skipped="0">
  <testcase classname="com.crm.qa.testdata.HomePageTest" name="verifyHomePageTitleTest" time="7.769"/>
  <testcase classname="com.crm.qa.testdata.HomePageTest" name="verifyUserNameTest" time="8.523"/>
  <testcase classname="com.crm.qa.testdata.HomePageTest" name="verifyContactsLinkTest" time="7.812"/>
</testsuite> <!-- com.crm.qa.testdata.HomePageTest -->
