<?xml version="1.0" encoding="UTF-8"?>
<!-- Generated by org.testng.reporters.JUnitReportReporter -->
<testsuite hostname="Abdullahs-MBP.lan1" failures="0" tests="3" name="com.crm.qa.testdata.LoginPageTest" time="19.004" errors="0" timestamp="20 Feb 2019 20:43:17 GMT" skipped="0">
  <testcase classname="com.crm.qa.testdata.LoginPageTest" name="loginPageTitleTest" time="5.122"/>
  <testcase classname="com.crm.qa.testdata.LoginPageTest" name="crmLogoImageTest" time="4.479"/>
  <testcase classname="com.crm.qa.testdata.LoginPageTest" name="loginTest" time="9.403"/>
</testsuite> <!-- com.crm.qa.testdata.LoginPageTest -->
